Jupai Holdings Limited (JP) CEO Jianda Ni on Q4 [DATE_TIME] Results - Earnings Call Transcript
[DATE_TIME] [DATE_TIME] ETJupai Holdings Limited (JP)
Jupai Holdings Limited (NYSE:JP) Q4 [DATE_TIME] Earnings Conference Call [DATE_TIME] [DATE_TIME] ET

Company Participants

[NAME] He - IR Representative

[NAME] - Chairman and CEO

[NAME] - CFO

Conference Call Participants

Yu Huali - UBS

Operator

Thank you for standing by for Jupai's Fourth Quarter and Full Year 2020 Earnings Conference Call. At this time, all participants are in a listen-only mode. After management prepared remakrs there will be question and answer session. Please note, today's conference call is being recorded. [Operator Instructions]

I'd now like to turn the meeting over to your host for today's conference, Mr. [NAME]'s IR Representative.

[NAME] He

Hello, everyone. And welcome to Jupai's earnings conference call for the fourth quarter and full year ending [DATE_TIME]. Leading the call today is Mr. [NAME], our Chairman and CEO who will review the highlights for the fourth quarter and full year [DATE_TIME]. I will then discuss our financial results. We will then open the call to questions, at which time, our CFO, Ms. [NAME], will also be available.

Before we continue, I refer you to our safe harbor statement in the earnings press release, which applies to this call as we will make forward-looking statements. Also, this call includes discussions of certain non-GAAP financial measures. Please refer to our earnings release, which contains a reconciliation of non-GAAP measures to the most directly comparable GAAP measures. Finally, please note that unless otherwise stated, all figures mentioned during this conference call are in RMB.

I will now turn the call over to [NAME], our Chairman and CEO and I will interpret his remarks for you.

Jianda Ni

[Foreign Language]

[NAME] He

Thank you, [NAME]. And welcome, everyone, to today's conference call.

Jianda Ni

[Foreign Language]

[NAME] He

Throughout [DATE_TIME], COVID-19 has brought long-term changes to China's overall economy and the wealth management industry. Jupai has been proactive in responding to the challenges brought by pandemic and changing market demands, leveraging our advantages in-sourcing products and experience in the wealth management industry.

Jianda Ni

[Foreign Language]

[NAME] He

We were pleased to see Jupai's bottom line continue to improve, turning profitable for the quarter. This is largely due to our effective cost control measures, which helped reduce operating costs and expenses by 45.1% on a year-over-year basis. Net loss attributable to ordinary shareholders in [DATE_TIME] also significantly narrowed compared to the same period of last year.

Jianda Ni

[Foreign Language]

[NAME] He

In [DATE_TIME], Jupai continued to optimize our product offerings, and we were pleased to see our distribution of secondary market products increased to RMB 1.17 billion for the full year [DATE_TIME] compared to RMB 290 million in [DATE_TIME].

Jianda Ni

[Foreign Language]

[NAME] He

As investors maintain a cautious mode in the phase of the COVID-19 pandemic situation overseas and the uncertainties of the overall economy recovery, we remain confident in the long-term prosperity of Chinese wealth management industry.

Jianda Ni

[Foreign Language]

[NAME] He

We will continue to realize our potential by improving customer experience, creating stable and high-quality products for investors and implementing ongoing cost control measures to support margin improvement.

Jianda Ni

[Foreign Language]

[NAME] He

I will now turn the call over to [NAME] to go through the financial results for the fourth quarter and full year of [DATE_TIME]. Thank you.

[NAME] He

Thank you, Ni-Zong. We were encouraged by our return to profitability in the fourth quarter of [DATE_TIME]. Jupai's effective cost control measures continue to drive margin improvement as evidenced by the decrease of total operating costs by 45.1% on a year-over-year basis. In [DATE_TIME], we will continue to improve our productivity while optimizing overall customer experience. Now I will walk you through our financial highlights for the fourth quarter and full year [DATE_TIME]. Net revenues for the fourth quarter of [DATE_TIME] were RMB 98.0 million, a 28.4% decrease from the corresponding period in [DATE_TIME], primarily due to decreases in onetime commissions and recurring management fees.

Net revenues were RMB 388.2 million for the full year [DATE_TIME], a decrease of 50.6% from [DATE_TIME]. Operating costs and expenses for the fourth quarter of [DATE_TIME], RMB 91.4 million, a decrease of 45.1% from the corresponding period in [DATE_TIME]. For the full year [DATE_TIME], operating costs and expenses were RMB 422.6 million, a decrease of 54.2% from [DATE_TIME]. Operating margin for the fourth quarter of [DATE_TIME] was 6.8% as compared to minus 21.5% for the corresponding period in [DATE_TIME]. For the full year [DATE_TIME] operating margin was minus 8.9% compared to minus 17.4% for [DATE_TIME]. Net income attributable to ordinary shareholders for the fourth quarter of [DATE_TIME] was RMB 2.0 million as compared to net loss attributable to ordinary shareholders of RMB 30.2 million from the corresponding period in [DATE_TIME].

For the full year [DATE_TIME], net loss attributable to ordinary shareholders was RMB 31.4 million as compared to RMB 164.7 million in [DATE_TIME]. Net margin attributable to ordinary shareholders for the fourth quarter of [DATE_TIME] were 2.0% as compared to minus 22.0% from the corresponding period in [DATE_TIME]. For the full year [DATE_TIME], net margin attributable to ordinary shareholders was minus 8.1% compared to minus 21.0% in [DATE_TIME]. Net income attributable to ordinary shareholders per basic and diluted, ADS for the fourth quarter of [DATE_TIME] was RMB 0.06 and RMB 0.06, respectively, as compared to net loss attributable to ordinary shareholders per basic and diluted ADS of RMB 0.90 and RMB 0.90, respectively, from the corresponding period in [DATE_TIME].

For the full year [DATE_TIME], net loss attributable to ordinary shareholders per basic and diluted ADS with RMB 0.94 and RMB 0.94, respectively, as compared to RMB 4.90 and RMB 4.90, respectively, in [DATE_TIME]. We announced up to USD 10 million share repurchase plan in [DATE_TIME]. And as part of the plan, we have repurchased 539,142 ADS at a total cost of U.S. dollar 741,554 as of [DATE_TIME], inclusive transaction charges.

Looking at our balance sheet and cash flow. As of [DATE_TIME], the company had RMB 657.2 million in cash, cash equivalents and restricted cash as compared to RMB 712.3 million as of [DATE_TIME]. Net cash provided by operating activities during the fourth quarter of [DATE_TIME] was RMB 18.7 million as compared to RMB 47.0 million from the corresponding period in [DATE_TIME].

For the full year [DATE_TIME], net cash used in operating activities was RMB 15.6 million as compared to RMB 224.6 million in [DATE_TIME].

That concludes our prepared remarks. I will now turn the call back to the operator to begin the Q&A session.

Operator?

Question-and-Answer Session

Operator

[Operator Instructions] Your first question comes from the line of Yu Huali of UBS. Please ask your question.

Yu Huali

Hi, this is [NAME] from UBS. Thank you for giving me the opportunity to ask questions. I actually have two questions. The first one is we can see that Jupai's bottom line improved and turned profitable in the fourth quarter of [DATE_TIME]. May I ask what the factors contribute to the performance of Jupai's in the first quarter?

And my second question is can you give us more color on the development prospects of Jupai and the whole industry in [DATE_TIME]?

Jianda Ni

[Foreign Language]

[NAME] He

Thanks for your question. In the fourth quarter, we saw further recovery in [ADDRESS]'s overall economy, benefiting from the highly effective COVID-19 control measures and resumption of production and business. [ADDRESS]'s GDP for the first time exceeded RMB 100 trillion in [DATE_TIME] with an overall annual growth of 2.3%, and an increase of 6.5% in the fourth quarter on a year-over-year basis.

However, on a global scale, there are still uncertainties about the economic recovery due to the pandemic situation thus, high net worth individuals have remained cautious in their investment activity. For the fourth quarter, Jupai's aggregate value of wealth management product distributed decreased compared to the third quarter.

Jianda Ni

[Foreign Language]

[NAME] He

Jupai's implementation of cost control matters has yielded strong results. At the end of the fourth quarter, the total staff count at Jupai was reduced to around 580 from 2,500 at the beginning of [DATE_TIME]. Meanwhile, we continue to enhance our tenant training strategy to increased average less management product value of distributed per adviser. In our sales network, we reduced the scale of our sales network to 31 offices covering 30 cities from 72 offices covering 46 cities at the beginning of [DATE_TIME].

Our operating costs and expenses were down by 45.1% on a year-over-year basis in the fourth quarter. We were pleased to see that we have turned profitable this quarter with net income attributable to ordinary shareholders of RMB 1.99 million compared to a net loss attributable to ordinary shareholders of RMB 30.15 million in the same period last year and a net loss attributable to ordinary shareholders of RMB 2.97 million in the third quarter. Also, net loss attributable to ordinary shareholders in [DATE_TIME] was also significantly narrower compared to the same period of last year.

Jianda Ni

[Foreign Language]

[NAME] He

In response to the change in market demand, Jupai continued to upgrade our product selection in [DATE_TIME], leveraging our advantages in-sourcing products and experience in the wealth management industry. Secondary market products as a proportion of the equity value of wealth management products distributed increased to 18% in [DATE_TIME] from 3% in [DATE_TIME].

Jianda Ni

[Foreign Language]

[NAME] He

COVID-19 has brought long-term changes to the overall economy and the wealth management industry in [DATE_TIME]. Jupai has been proactive in responding to the challenges grow by pandemic and changing market demands. First, we implanted our asset transparent system strategy and continue to carry out a series of transparent inspections where we invite qualified investors from our real estate partners to jointly visit potential and invested projects in order to let investors further understand the projects through their objective observation and in-depth communication with Jupai's advisers throughout the project selection process.

Secondly, we held more than 100 live stream shows and off-line activities in [DATE_TIME], which many excellent industry analysts joined us to discuss the long-term trends of the industry and attract market dynamics throughout the year. In addition, we continue to develop our technology platform to support financial product innovation, process reengineering and service offerings. We also launched paperless treating and contactless processes to improve efficiency and included mutual fund sales and services into our adviser work scope. In [DATE_TIME], with the gradual recovery of the domestic and overseas market, we will strengthen our equipment and career development system to attract more talent in the wealth and asset management industry.

We are confident that Jupai's aggregate value of wealth management product distributed will increase in the first quarter of [DATE_TIME] compared to the fourth quarter of [DATE_TIME].

Jianda Ni

[Foreign Language]

[NAME] He

In [DATE_TIME], due to the pandemic, the real estate market experienced a shutdown in the first quarter, a gradual recovery in the second and third quarter and tightening government controls in the fourth quarter. According to the National Bureau of Statistics, investment in real estate development in [DATE_TIME] increased by 7.0% on a year-over-year basis, 0.2% higher than that from [DATE_TIME].

At the same time, in order to improve the resilience of the financial system and promote a healthier and more steady development of the real estate market, the financial regulatory authorities implemented serious measures around real estate financing designed to satisfy people's desire to enjoy better [[DATE_TIME]].

Jianda Ni

[Foreign Language]

[NAME] He

In terms of private equity investments, the market gradually recovered in the fourth quarter and have almost returned to pre-pandemic levels. Several Jupai's invested enterprises have successfully listed on the stock market, [ADDRESS]'s Asia market, NASDAQ and the New York Stock Exchange, including the auto operated AE Holdings and JD Health. In [DATE_TIME], 26 issuers listed on the stock market were underlying assets in Jupai's private equity fund. We have continued to increase the supply of high-quality products in the secondary market to meet investor demand.

Jianda Ni

[Foreign Language]

[NAME] He

Okay. Thank you, Yu [NAME]. I will answer the second question. The global and Chinese economic outlook in [DATE_TIME] is expected to continue to improve with the approval and the promotion of COVID-19 vaccines. However, there are still uncertainties due to the pandemic situation overseas. Jupai real focus on a few key strategies in [DATE_TIME] for further development. We will work on improving customer experience continue to develop the company's product system and continue to focus on the secondary market.

Now I will discuss these three strategic directions in detail.

Jianda Ni

[Foreign Language]

[NAME] He

First, the company's frontline employees will focus on improving customer experience with help and support from our frontline health, mid and back staff. Improving customer experience is a new strategic goal for the company's development in [DATE_TIME], building upon our asset transparency system strategy. In [DATE_TIME], Jupai has launched VIP exclusive events and invited key customers to communicate with our management. At the same time, we will focus on the strategic value of financial technology empowerment, optimize user experience and create an accurate user profile or more personalized marketing solutions in the future.

Jianda Ni

[Foreign Language]

[NAME] He

Secondly, in terms of product offering, Jupai will continue to develop the company's product systems, including deepening our portfolio of real estate projects and broadening our equity overseas market and secondary market horizontally in order to provide high-quality products and services to customers. To be more specific, we will continue to leverage our traditional advantages in the real estate industry to select better opportunities under the guidance of the national strategy of Homes for living, not for speculation and the stability control and we realize industry deadlines.

We expect to find more opportunities to provide excellent products and create greater value for investors in the real estate industry.

Jianda Ni

[Foreign Language]

[NAME] He

Jupai's secondary market products saw rapid growth in [DATE_TIME] and the future investment potential of the secondary market is very high. Our secondary market products as a proportion of the equity value of wealth management product distributed increased to RMB 1.17 billion in [DATE_TIME] compared to RMB 290 million in [DATE_TIME]. In [DATE_TIME], we will continue to focus on the secondary market and select high-quality partners to offer better options for investors. At the same time, we also plan to provide more mutual funds and other asset allocation services going up.

Jianda Ni

[Foreign Language]

[NAME] He

In [DATE_TIME], we have faced the challenges grow by the pandemic to Jupai and China's wealth management industry. Jupai has worked to realize its potential, actively adapt to market changes and create stable and high-quality products for investors. In [DATE_TIME], we will continue to work hard to make Jupai one of the top wealth management and asset management brands for high net worth individuals in [ADDRESS].

Than you, Yu [NAME].

Operator

[Operator Instructions] We are now approaching the end of the conference call. I will now turn the call over to Jupai's IR Representative, [NAME], for closing remarks.

[NAME] He

This concludes today's call. If you have any follow-up questions, please get in contact with us. Thank you.

Operator

Thank you for your participation in today's conference. You may now disconnect. Good day.
